Warning: You are sending unauthenticated requests to the HF Hub. Please set a HF_TOKEN to enable higher rate limits and faster downloads.

Loading weights:   0%|          | 0/199 [00:00<?, ?it/s]
Loading weights: 100%|██████████| 199/199 [00:00<00:00, 8944.23it/s]
[transformers] [1mBertModel LOAD REPORT[0m from: bert-base-uncased
Key                                        | Status     |  |
-------------------------------------------+------------+--+-
cls.predictions.transform.dense.weight     | UNEXPECTED |  |
cls.seq_relationship.bias                  | UNEXPECTED |  |
cls.predictions.transform.LayerNorm.bias   | UNEXPECTED |  |
cls.predictions.transform.dense.bias       | UNEXPECTED |  |
cls.predictions.bias                       | UNEXPECTED |  |
cls.predictions.transform.LayerNorm.weight | UNEXPECTED |  |
cls.seq_relationship.weight                | UNEXPECTED |  |

Notes:
- UNEXPECTED:	can be ignored when loading from different task/architecture; not ok if you expect identical arch.

CE epoch 1/2:   0%|          | 0/323 [00:00<?, ?it/s]
CE epoch 1/2:   0%|          | 1/323 [00:17<1:32:20, 17.21s/it]
CE epoch 1/2:   1%|          | 2/323 [00:23<57:41, 10.78s/it]
CE epoch 1/2:   1%|          | 3/323 [00:30<47:39,  8.94s/it]
CE epoch 1/2:   1%|          | 4/323 [00:36<41:52,  7.88s/it]
CE epoch 1/2:   2%|▏         | 5/323 [00:47<47:14,  8.91s/it]
CE epoch 1/2:   2%|▏         | 6/323 [00:52<41:04,  7.77s/it]
CE epoch 1/2:   2%|▏         | 7/323 [00:59<38:44,  7.35s/it]
CE epoch 1/2:   2%|▏         | 8/323 [01:13<49:25,  9.41s/it]
CE epoch 1/2:   3%|▎         | 9/323 [01:19<44:09,  8.44s/it]
CE epoch 1/2:   3%|▎         | 10/323 [01:25<40:34,  7.78s/it]
CE epoch 1/2:   3%|▎         | 11/323 [01:31<37:45,  7.26s/it]
CE epoch 1/2:   4%|▎         | 12/323 [01:38<36:59,  7.14s/it]
CE epoch 1/2:   4%|▍         | 13/323 [01:45<35:52,  6.94s/it]
CE epoch 1/2:   4%|▍         | 14/323 [01:51<34:25,  6.69s/it]
CE epoch 1/2:   5%|▍         | 15/323 [01:57<34:16,  6.68s/it]
CE epoch 1/2:   5%|▍         | 16/323 [02:11<45:02,  8.80s/it]
CE epoch 1/2:   5%|▌         | 17/323 [02:18<41:26,  8.13s/it]
CE epoch 1/2:   6%|▌         | 18/323 [02:24<38:21,  7.54s/it]
CE epoch 1/2:   6%|▌         | 19/323 [02:30<35:57,  7.10s/it]
CE epoch 1/2:   6%|▌         | 20/323 [02:36<34:12,  6.77s/it]
CE epoch 1/2:   7%|▋         | 21/323 [02:42<32:42,  6.50s/it]
CE epoch 1/2:   7%|▋         | 22/323 [02:48<31:43,  6.32s/it]
CE epoch 1/2:   7%|▋         | 23/323 [02:54<31:08,  6.23s/it]
CE epoch 1/2:   7%|▋         | 24/323 [03:00<30:30,  6.12s/it]
CE epoch 1/2:   8%|▊         | 25/323 [03:09<35:24,  7.13s/it]
CE epoch 1/2:   8%|▊         | 26/323 [03:15<33:51,  6.84s/it]
CE epoch 1/2:   8%|▊         | 27/323 [03:21<31:50,  6.46s/it]
CE epoch 1/2:   9%|▊         | 28/323 [03:26<30:35,  6.22s/it]
CE epoch 1/2:   9%|▉         | 29/323 [03:32<30:02,  6.13s/it]
CE epoch 1/2:   9%|▉         | 30/323 [03:38<29:41,  6.08s/it]
CE epoch 1/2:  10%|▉         | 31/323 [03:45<30:10,  6.20s/it]
CE epoch 1/2:  10%|▉         | 32/323 [03:50<29:10,  6.02s/it]
CE epoch 1/2:  10%|█         | 33/323 [03:57<29:31,  6.11s/it]
CE epoch 1/2:  11%|█         | 34/323 [04:07<34:50,  7.23s/it]
CE epoch 1/2:  11%|█         | 35/323 [04:15<36:32,  7.61s/it]
CE epoch 1/2:  11%|█         | 36/323 [04:22<34:54,  7.30s/it]
CE epoch 1/2:  11%|█▏        | 37/323 [04:29<34:51,  7.31s/it]
CE epoch 1/2:  12%|█▏        | 38/323 [04:36<34:37,  7.29s/it]
CE epoch 1/2:  12%|█▏        | 39/323 [04:42<32:22,  6.84s/it]
CE epoch 1/2:  12%|█▏        | 40/323 [04:48<31:38,  6.71s/it]
CE epoch 1/2:  13%|█▎        | 41/323 [04:55<31:01,  6.60s/it]
CE epoch 1/2:  13%|█▎        | 42/323 [05:04<34:56,  7.46s/it]
CE epoch 1/2:  13%|█▎        | 43/323 [05:12<34:46,  7.45s/it]
CE epoch 1/2:  14%|█▎        | 44/323 [05:22<38:58,  8.38s/it]
CE epoch 1/2:  14%|█▍        | 45/323 [05:29<36:52,  7.96s/it]
CE epoch 1/2:  14%|█▍        | 46/323 [05:36<35:41,  7.73s/it]
CE epoch 1/2:  15%|█▍        | 47/323 [05:44<35:02,  7.62s/it]
CE epoch 1/2:  15%|█▍        | 48/323 [06:00<47:14, 10.31s/it]
CE epoch 1/2:  15%|█▌        | 49/323 [06:09<44:29,  9.74s/it]
CE epoch 1/2:  15%|█▌        | 50/323 [06:15<39:52,  8.76s/it]
CE epoch 1/2:  16%|█▌        | 51/323 [06:21<35:57,  7.93s/it]
CE epoch 1/2:  16%|█▌        | 52/323 [06:28<33:36,  7.44s/it]
CE epoch 1/2:  16%|█▋        | 53/323 [06:36<34:12,  7.60s/it]
CE epoch 1/2:  17%|█▋        | 54/323 [06:42<33:01,  7.37s/it]
CE epoch 1/2:  17%|█▋        | 55/323 [07:04<52:04, 11.66s/it]
CE epoch 1/2:  17%|█▋        | 56/323 [07:22<1:00:03, 13.49s/it]
CE epoch 1/2:  18%|█▊        | 57/323 [07:30<52:10, 11.77s/it]
CE epoch 1/2:  18%|█▊        | 58/323 [07:39<48:26, 10.97s/it]
CE epoch 1/2:  18%|█▊        | 59/323 [07:45<41:48,  9.50s/it]
CE epoch 1/2:  19%|█▊        | 60/323 [07:50<36:41,  8.37s/it]
CE epoch 1/2:  19%|█▉        | 61/323 [07:56<33:26,  7.66s/it]
CE epoch 1/2:  19%|█▉        | 62/323 [08:04<32:52,  7.56s/it]
CE epoch 1/2:  20%|█▉        | 63/323 [08:10<31:04,  7.17s/it]
CE epoch 1/2:  20%|█▉        | 64/323 [08:16<29:28,  6.83s/it]
CE epoch 1/2:  20%|██        | 65/323 [08:22<27:58,  6.50s/it]
CE epoch 1/2:  20%|██        | 66/323 [08:28<27:17,  6.37s/it]
CE epoch 1/2:  21%|██        | 67/323 [08:34<26:41,  6.26s/it]
CE epoch 1/2:  21%|██        | 68/323 [08:41<27:21,  6.44s/it]
CE epoch 1/2:  21%|██▏       | 69/323 [08:47<27:16,  6.44s/it]
CE epoch 1/2:  22%|██▏       | 70/323 [08:53<26:11,  6.21s/it]
CE epoch 1/2:  22%|██▏       | 71/323 [08:59<25:41,  6.12s/it]
CE epoch 1/2:  22%|██▏       | 72/323 [09:05<25:53,  6.19s/it]
CE epoch 1/2:  23%|██▎       | 73/323 [09:12<27:08,  6.51s/it]
CE epoch 1/2:  23%|██▎       | 74/323 [09:19<27:36,  6.65s/it]
CE epoch 1/2:  23%|██▎       | 75/323 [09:27<28:20,  6.86s/it]
CE epoch 1/2:  24%|██▎       | 76/323 [09:34<28:15,  6.87s/it]
CE epoch 1/2:  24%|██▍       | 77/323 [09:39<26:51,  6.55s/it]
CE epoch 1/2:  24%|██▍       | 78/323 [09:45<26:10,  6.41s/it]
CE epoch 1/2:  24%|██▍       | 79/323 [09:52<25:54,  6.37s/it]
CE epoch 1/2:  25%|██▍       | 80/323 [09:57<24:47,  6.12s/it]
CE epoch 1/2:  25%|██▌       | 81/323 [10:04<24:55,  6.18s/it]
CE epoch 1/2:  25%|██▌       | 82/323 [10:10<25:05,  6.25s/it]
CE epoch 1/2:  26%|██▌       | 83/323 [10:16<24:22,  6.09s/it]
CE epoch 1/2:  26%|██▌       | 84/323 [10:21<23:39,  5.94s/it]
CE epoch 1/2:  26%|██▋       | 85/323 [10:27<23:17,  5.87s/it]
CE epoch 1/2:  27%|██▋       | 86/323 [10:34<24:55,  6.31s/it]
CE epoch 1/2:  27%|██▋       | 87/323 [10:41<25:21,  6.45s/it]
CE epoch 1/2:  27%|██▋       | 88/323 [10:47<24:25,  6.24s/it]
CE epoch 1/2:  28%|██▊       | 89/323 [10:53<23:46,  6.10s/it]
CE epoch 1/2:  28%|██▊       | 90/323 [10:59<23:39,  6.09s/it]
CE epoch 1/2:  28%|██▊       | 91/323 [11:05<23:40,  6.12s/it]
CE epoch 1/2:  28%|██▊       | 92/323 [11:11<22:57,  5.96s/it]
CE epoch 1/2:  29%|██▉       | 93/323 [11:16<22:50,  5.96s/it]
CE epoch 1/2:  29%|██▉       | 94/323 [11:23<23:04,  6.05s/it]
CE epoch 1/2:  29%|██▉       | 95/323 [11:29<22:50,  6.01s/it]
CE epoch 1/2:  30%|██▉       | 96/323 [11:35<22:54,  6.06s/it]
CE epoch 1/2:  30%|███       | 97/323 [11:40<22:20,  5.93s/it]
CE epoch 1/2:  30%|███       | 98/323 [11:46<22:02,  5.88s/it]
CE epoch 1/2:  31%|███       | 99/323 [11:52<21:44,  5.82s/it]
CE epoch 1/2:  31%|███       | 100/323 [11:58<21:35,  5.81s/it]
CE epoch 1/2:  31%|███▏      | 101/323 [12:08<26:55,  7.28s/it]
CE epoch 1/2:  32%|███▏      | 102/323 [12:15<25:45,  6.99s/it]
CE epoch 1/2:  32%|███▏      | 103/323 [12:20<23:56,  6.53s/it]
CE epoch 1/2:  32%|███▏      | 104/323 [12:26<22:46,  6.24s/it]
CE epoch 1/2:  33%|███▎      | 105/323 [12:32<22:24,  6.17s/it]
CE epoch 1/2:  33%|███▎      | 106/323 [12:38<22:12,  6.14s/it]
CE epoch 1/2:  33%|███▎      | 107/323 [12:44<21:54,  6.08s/it]
CE epoch 1/2:  33%|███▎      | 108/323 [12:50<21:32,  6.01s/it]
CE epoch 1/2:  34%|███▎      | 109/323 [12:55<21:15,  5.96s/it]
CE epoch 1/2:  34%|███▍      | 110/323 [13:06<25:52,  7.29s/it]
CE epoch 1/2:  34%|███▍      | 111/323 [13:15<27:14,  7.71s/it]
CE epoch 1/2:  35%|███▍      | 112/323 [13:28<33:18,  9.47s/it]
CE epoch 1/2:  35%|███▍      | 113/323 [13:35<30:08,  8.61s/it]
CE epoch 1/2:  35%|███▌      | 114/323 [13:40<27:01,  7.76s/it]
CE epoch 1/2:  36%|███▌      | 115/323 [13:46<24:48,  7.16s/it]
CE epoch 1/2:  36%|███▌      | 116/323 [13:53<23:48,  6.90s/it]
CE epoch 1/2:  36%|███▌      | 117/323 [14:01<24:48,  7.22s/it]
CE epoch 1/2:  37%|███▋      | 118/323 [14:06<23:21,  6.84s/it]
CE epoch 1/2:  37%|███▋      | 119/323 [14:12<22:12,  6.53s/it]
CE epoch 1/2:  37%|███▋      | 120/323 [14:18<21:35,  6.38s/it]
CE epoch 1/2:  37%|███▋      | 121/323 [14:31<27:43,  8.24s/it]
CE epoch 1/2:  38%|███▊      | 122/323 [14:39<27:17,  8.14s/it]
CE epoch 1/2:  38%|███▊      | 123/323 [14:50<29:57,  8.99s/it]
CE epoch 1/2:  38%|███▊      | 124/323 [14:58<28:38,  8.63s/it]
CE epoch 1/2:  39%|███▊      | 125/323 [15:04<26:18,  7.97s/it]
CE epoch 1/2:  39%|███▉      | 126/323 [15:10<24:29,  7.46s/it]
CE epoch 1/2:  39%|███▉      | 127/323 [15:16<22:45,  6.97s/it]
CE epoch 1/2:  40%|███▉      | 128/323 [15:22<21:53,  6.73s/it]
CE epoch 1/2:  40%|███▉      | 129/323 [15:28<21:12,  6.56s/it]
CE epoch 1/2:  40%|████      | 130/323 [15:35<20:54,  6.50s/it]
CE epoch 1/2:  41%|████      | 131/323 [15:41<20:33,  6.42s/it]
CE epoch 1/2:  41%|████      | 132/323 [15:48<20:57,  6.59s/it]
CE epoch 1/2:  41%|████      | 133/323 [15:54<20:37,  6.52s/it]
CE epoch 1/2:  41%|████▏     | 134/323 [16:01<20:33,  6.53s/it]
CE epoch 1/2:  42%|████▏     | 135/323 [16:07<20:17,  6.47s/it]
CE epoch 1/2:  42%|████▏     | 136/323 [16:13<19:52,  6.38s/it]
CE epoch 1/2:  42%|████▏     | 137/323 [16:21<20:31,  6.62s/it]
CE epoch 1/2:  43%|████▎     | 138/323 [16:27<20:40,  6.70s/it]
CE epoch 1/2:  43%|████▎     | 139/323 [16:34<20:26,  6.66s/it]
CE epoch 1/2:  43%|████▎     | 140/323 [16:40<20:05,  6.59s/it]
CE epoch 1/2:  44%|████▎     | 141/323 [16:46<19:27,  6.42s/it]
CE epoch 1/2:  44%|████▍     | 142/323 [16:53<19:13,  6.37s/it]
CE epoch 1/2:  44%|████▍     | 143/323 [17:01<21:13,  7.07s/it]
CE epoch 1/2:  45%|████▍     | 144/323 [17:09<21:09,  7.09s/it]
CE epoch 1/2:  45%|████▍     | 145/323 [17:16<21:17,  7.18s/it]
CE epoch 1/2:  45%|████▌     | 146/323 [17:23<21:05,  7.15s/it]
CE epoch 1/2:  46%|████▌     | 147/323 [17:31<21:58,  7.49s/it]
CE epoch 1/2:  46%|████▌     | 148/323 [17:41<23:37,  8.10s/it]
CE epoch 1/2:  46%|████▌     | 149/323 [17:48<22:42,  7.83s/it]
CE epoch 1/2:  46%|████▋     | 150/323 [17:54<21:08,  7.33s/it]
CE epoch 1/2:  47%|████▋     | 151/323 [18:00<19:49,  6.92s/it]
CE epoch 1/2:  47%|████▋     | 152/323 [18:06<19:06,  6.70s/it]
CE epoch 1/2:  47%|████▋     | 153/323 [18:12<18:28,  6.52s/it]
CE epoch 1/2:  48%|████▊     | 154/323 [18:19<18:05,  6.42s/it]
CE epoch 1/2:  48%|████▊     | 155/323 [18:25<17:39,  6.30s/it]
CE epoch 1/2:  48%|████▊     | 156/323 [18:32<18:46,  6.75s/it]
CE epoch 1/2:  49%|████▊     | 157/323 [18:39<18:21,  6.64s/it]
CE epoch 1/2:  49%|████▉     | 158/323 [18:44<17:26,  6.34s/it]
CE epoch 1/2:  49%|████▉     | 159/323 [18:51<17:04,  6.25s/it]
CE epoch 1/2:  50%|████▉     | 160/323 [18:56<16:24,  6.04s/it]
CE epoch 1/2:  50%|████▉     | 161/323 [19:02<16:13,  6.01s/it]
CE epoch 1/2:  50%|█████     | 162/323 [19:08<15:59,  5.96s/it]
CE epoch 1/2:  50%|█████     | 163/323 [19:14<15:53,  5.96s/it]
CE epoch 1/2:  51%|█████     | 164/323 [19:20<15:37,  5.90s/it]
CE epoch 1/2:  51%|█████     | 165/323 [19:25<15:27,  5.87s/it]
CE epoch 1/2:  51%|█████▏    | 166/323 [19:31<15:32,  5.94s/it]
CE epoch 1/2:  52%|█████▏    | 167/323 [19:39<16:46,  6.45s/it]
CE epoch 1/2:  52%|█████▏    | 168/323 [19:45<16:19,  6.32s/it]
CE epoch 1/2:  52%|█████▏    | 169/323 [19:51<15:43,  6.12s/it]
CE epoch 1/2:  53%|█████▎    | 170/323 [19:56<15:14,  5.97s/it]
CE epoch 1/2:  53%|█████▎    | 171/323 [20:02<15:05,  5.96s/it]
CE epoch 1/2:  53%|█████▎    | 172/323 [20:08<15:01,  5.97s/it]
CE epoch 1/2:  54%|█████▎    | 173/323 [20:14<14:46,  5.91s/it]
CE epoch 1/2:  54%|█████▍    | 174/323 [20:20<14:36,  5.88s/it]
CE epoch 1/2:  54%|█████▍    | 175/323 [20:26<14:35,  5.92s/it]
CE epoch 1/2:  54%|█████▍    | 176/323 [20:32<14:30,  5.92s/it]
CE epoch 1/2:  55%|█████▍    | 177/323 [20:38<14:14,  5.85s/it]
CE epoch 1/2:  55%|█████▌    | 178/323 [20:43<14:05,  5.83s/it]
CE epoch 1/2:  55%|█████▌    | 179/323 [20:49<14:09,  5.90s/it]
CE epoch 1/2:  56%|█████▌    | 180/323 [20:55<13:58,  5.86s/it]
CE epoch 1/2:  56%|█████▌    | 181/323 [21:06<17:20,  7.33s/it]
CE epoch 1/2:  56%|█████▋    | 182/323 [21:25<25:21, 10.79s/it]
CE epoch 1/2:  57%|█████▋    | 183/323 [21:32<22:50,  9.79s/it]
CE epoch 1/2:  57%|█████▋    | 184/323 [21:39<20:54,  9.02s/it]
CE epoch 1/2:  57%|█████▋    | 185/323 [21:47<19:31,  8.49s/it]
CE epoch 1/2:  58%|█████▊    | 186/323 [21:54<18:35,  8.14s/it]
CE epoch 1/2:  58%|█████▊    | 187/323 [22:00<17:15,  7.61s/it]
CE epoch 1/2:  58%|█████▊    | 188/323 [22:17<23:06, 10.27s/it]
CE epoch 1/2:  59%|█████▊    | 189/323 [22:24<21:03,  9.43s/it]
CE epoch 1/2:  59%|█████▉    | 190/323 [22:31<18:56,  8.54s/it]
CE epoch 1/2:  59%|█████▉    | 191/323 [22:44<22:03, 10.03s/it]
CE epoch 1/2:  59%|█████▉    | 192/323 [22:52<20:16,  9.29s/it]
CE epoch 1/2:  60%|█████▉    | 193/323 [22:58<18:00,  8.31s/it]
CE epoch 1/2:  60%|██████    | 194/323 [23:06<17:35,  8.18s/it]
CE epoch 1/2:  60%|██████    | 195/323 [23:12<16:06,  7.55s/it]
CE epoch 1/2:  61%|██████    | 196/323 [23:18<14:56,  7.06s/it]
CE epoch 1/2:  61%|██████    | 197/323 [23:24<14:13,  6.77s/it]
CE epoch 1/2:  61%|██████▏   | 198/323 [23:30<13:42,  6.58s/it]
CE epoch 1/2:  62%|██████▏   | 199/323 [23:37<13:59,  6.77s/it]
CE epoch 1/2:  62%|██████▏   | 200/323 [23:45<14:27,  7.05s/it]
CE epoch 1/2:  62%|██████▏   | 201/323 [23:52<14:09,  6.97s/it]
CE epoch 1/2:  63%|██████▎   | 202/323 [23:58<13:47,  6.84s/it]
CE epoch 1/2:  63%|██████▎   | 203/323 [24:05<13:49,  6.91s/it]
CE epoch 1/2:  63%|██████▎   | 204/323 [24:12<13:24,  6.76s/it]
CE epoch 1/2:  63%|██████▎   | 205/323 [24:18<12:55,  6.58s/it]
CE epoch 1/2:  64%|██████▍   | 206/323 [24:24<12:48,  6.57s/it]
CE epoch 1/2:  64%|██████▍   | 207/323 [24:31<12:46,  6.61s/it]
CE epoch 1/2:  64%|██████▍   | 208/323 [24:38<12:56,  6.75s/it]
CE epoch 1/2:  65%|██████▍   | 209/323 [24:45<12:37,  6.64s/it]
CE epoch 1/2:  65%|██████▌   | 210/323 [24:50<12:00,  6.38s/it]
CE epoch 1/2:  65%|██████▌   | 211/323 [24:56<11:39,  6.24s/it]
CE epoch 1/2:  66%|██████▌   | 212/323 [25:02<11:28,  6.20s/it]
CE epoch 1/2:  66%|██████▌   | 213/323 [25:08<11:12,  6.11s/it]
CE epoch 1/2:  66%|██████▋   | 214/323 [25:14<11:01,  6.07s/it]
CE epoch 1/2:  67%|██████▋   | 215/323 [25:21<11:07,  6.18s/it]
CE epoch 1/2:  67%|██████▋   | 216/323 [25:27<10:56,  6.13s/it]
CE epoch 1/2:  67%|██████▋   | 217/323 [25:33<10:44,  6.08s/it]
CE epoch 1/2:  67%|██████▋   | 218/323 [25:39<10:43,  6.13s/it]
CE epoch 1/2:  68%|██████▊   | 219/323 [25:45<10:38,  6.14s/it]
CE epoch 1/2:  68%|██████▊   | 220/323 [25:51<10:33,  6.15s/it]
CE epoch 1/2:  68%|██████▊   | 221/323 [25:57<10:25,  6.14s/it]
CE epoch 1/2:  69%|██████▊   | 222/323 [26:05<11:06,  6.60s/it]
CE epoch 1/2:  69%|██████▉   | 223/323 [26:25<17:31, 10.51s/it]
CE epoch 1/2:  69%|██████▉   | 224/323 [26:30<14:56,  9.06s/it]
CE epoch 1/2:  70%|██████▉   | 225/323 [26:36<13:15,  8.11s/it]
CE epoch 1/2:  70%|██████▉   | 226/323 [26:42<11:51,  7.33s/it]
CE epoch 1/2:  70%|███████   | 227/323 [26:47<10:52,  6.79s/it]
CE epoch 1/2:  71%|███████   | 228/323 [26:53<10:16,  6.49s/it]
CE epoch 1/2:  71%|███████   | 229/323 [26:59<10:00,  6.39s/it]
CE epoch 1/2:  71%|███████   | 230/323 [27:05<09:39,  6.23s/it]
CE epoch 1/2:  72%|███████▏  | 231/323 [27:11<09:28,  6.18s/it]
CE epoch 1/2:  72%|███████▏  | 232/323 [27:17<09:17,  6.13s/it]
CE epoch 1/2:  72%|███████▏  | 233/323 [27:23<09:02,  6.03s/it]
CE epoch 1/2:  72%|███████▏  | 234/323 [27:29<09:02,  6.09s/it]
CE epoch 1/2:  73%|███████▎  | 235/323 [27:35<08:51,  6.05s/it]
CE epoch 1/2:  73%|███████▎  | 236/323 [27:42<08:55,  6.16s/it]
CE epoch 1/2:  73%|███████▎  | 237/323 [27:49<09:11,  6.41s/it]
CE epoch 1/2:  74%|███████▎  | 238/323 [28:03<12:34,  8.87s/it]
CE epoch 1/2:  74%|███████▍  | 239/323 [28:26<18:16, 13.06s/it]
CE epoch 1/2:  74%|███████▍  | 240/323 [28:36<16:37, 12.02s/it]
CE epoch 1/2:  75%|███████▍  | 241/323 [28:42<14:00, 10.25s/it]
CE epoch 1/2:  75%|███████▍  | 242/323 [28:48<12:07,  8.98s/it]
CE epoch 1/2:  75%|███████▌  | 243/323 [29:04<14:48, 11.11s/it]
CE epoch 1/2:  76%|███████▌  | 244/323 [29:10<12:43,  9.67s/it]
CE epoch 1/2:  76%|███████▌  | 245/323 [29:16<10:54,  8.40s/it]
CE epoch 1/2:  76%|███████▌  | 246/323 [29:21<09:46,  7.62s/it]
CE epoch 1/2:  76%|███████▋  | 247/323 [29:29<09:43,  7.68s/it]
CE epoch 1/2:  77%|███████▋  | 248/323 [29:35<08:48,  7.05s/it]
CE epoch 1/2:  77%|███████▋  | 249/323 [29:41<08:13,  6.67s/it]
CE epoch 1/2:  77%|███████▋  | 250/323 [29:46<07:45,  6.38s/it]
CE epoch 1/2:  78%|███████▊  | 251/323 [29:52<07:24,  6.18s/it]
CE epoch 1/2:  78%|███████▊  | 252/323 [29:58<07:06,  6.00s/it]
CE epoch 1/2:  78%|███████▊  | 253/323 [30:07<08:05,  6.94s/it]
CE epoch 1/2:  79%|███████▊  | 254/323 [30:12<07:34,  6.59s/it]
CE epoch 1/2:  79%|███████▉  | 255/323 [30:20<07:37,  6.73s/it]
CE epoch 1/2:  79%|███████▉  | 256/323 [30:25<07:12,  6.45s/it]
CE epoch 1/2:  80%|███████▉  | 257/323 [30:31<06:53,  6.26s/it]
CE epoch 1/2:  80%|███████▉  | 258/323 [30:37<06:38,  6.13s/it]
CE epoch 1/2:  80%|████████  | 259/323 [30:43<06:24,  6.01s/it]
CE epoch 1/2:  80%|████████  | 260/323 [30:48<06:13,  5.93s/it]
CE epoch 1/2:  81%|████████  | 261/323 [30:54<06:03,  5.86s/it]
CE epoch 1/2:  81%|████████  | 262/323 [31:00<06:01,  5.93s/it]
CE epoch 1/2:  81%|████████▏ | 263/323 [31:07<06:05,  6.09s/it]
CE epoch 1/2:  82%|████████▏ | 264/323 [31:12<05:52,  5.98s/it]
CE epoch 1/2:  82%|████████▏ | 265/323 [31:18<05:43,  5.93s/it]
CE epoch 1/2:  82%|████████▏ | 266/323 [31:24<05:35,  5.89s/it]
CE epoch 1/2:  83%|████████▎ | 267/323 [31:30<05:28,  5.87s/it]
CE epoch 1/2:  83%|████████▎ | 268/323 [31:36<05:25,  5.92s/it]
CE epoch 1/2:  83%|████████▎ | 269/323 [31:44<05:56,  6.60s/it]
CE epoch 1/2:  84%|████████▎ | 270/323 [31:50<05:37,  6.36s/it]
CE epoch 1/2:  84%|████████▍ | 271/323 [31:55<05:18,  6.13s/it]
CE epoch 1/2:  84%|████████▍ | 272/323 [32:02<05:22,  6.33s/it]
CE epoch 1/2:  85%|████████▍ | 273/323 [32:08<05:11,  6.22s/it]
CE epoch 1/2:  85%|████████▍ | 274/323 [32:14<05:04,  6.22s/it]
CE epoch 1/2:  85%|████████▌ | 275/323 [32:20<04:54,  6.13s/it]
CE epoch 1/2:  85%|████████▌ | 276/323 [32:26<04:44,  6.06s/it]
CE epoch 1/2:  86%|████████▌ | 277/323 [32:32<04:35,  6.00s/it]
CE epoch 1/2:  86%|████████▌ | 278/323 [32:39<04:43,  6.30s/it]
CE epoch 1/2:  86%|████████▋ | 279/323 [32:46<04:45,  6.49s/it]
CE epoch 1/2:  87%|████████▋ | 280/323 [32:54<05:01,  7.00s/it]
CE epoch 1/2:  87%|████████▋ | 281/323 [33:01<04:46,  6.82s/it]
CE epoch 1/2:  87%|████████▋ | 282/323 [33:07<04:35,  6.73s/it]
CE epoch 1/2:  88%|████████▊ | 283/323 [33:13<04:21,  6.54s/it]
CE epoch 1/2:  88%|████████▊ | 284/323 [33:19<04:08,  6.38s/it]
CE epoch 1/2:  88%|████████▊ | 285/323 [33:25<03:54,  6.17s/it]
CE epoch 1/2:  89%|████████▊ | 286/323 [33:31<03:42,  6.00s/it]
CE epoch 1/2:  89%|████████▉ | 287/323 [33:37<03:36,  6.01s/it]
CE epoch 1/2:  89%|████████▉ | 288/323 [33:43<03:31,  6.03s/it]
CE epoch 1/2:  89%|████████▉ | 289/323 [33:48<03:22,  5.95s/it]
CE epoch 1/2:  90%|████████▉ | 290/323 [33:59<04:06,  7.46s/it]
CE epoch 1/2:  90%|█████████ | 291/323 [34:06<03:49,  7.17s/it]
CE epoch 1/2:  90%|█████████ | 292/323 [34:12<03:30,  6.78s/it]
CE epoch 1/2:  91%|█████████ | 293/323 [34:18<03:14,  6.48s/it]
CE epoch 1/2:  91%|█████████ | 294/323 [34:23<03:01,  6.26s/it]
CE epoch 1/2:  91%|█████████▏| 295/323 [34:29<02:53,  6.21s/it]
CE epoch 1/2:  92%|█████████▏| 296/323 [34:35<02:45,  6.12s/it]
CE epoch 1/2:  92%|█████████▏| 297/323 [34:42<02:40,  6.16s/it]
CE epoch 1/2:  92%|█████████▏| 298/323 [34:47<02:29,  6.00s/it]
CE epoch 1/2:  93%|█████████▎| 299/323 [34:53<02:20,  5.85s/it]
CE epoch 1/2:  93%|█████████▎| 300/323 [34:59<02:14,  5.85s/it]
CE epoch 1/2:  93%|█████████▎| 301/323 [35:05<02:10,  5.92s/it]
CE epoch 1/2:  93%|█████████▎| 302/323 [35:10<02:01,  5.79s/it]
CE epoch 1/2:  94%|█████████▍| 303/323 [35:16<01:55,  5.76s/it]
CE epoch 1/2:  94%|█████████▍| 304/323 [35:22<01:50,  5.80s/it]
CE epoch 1/2:  94%|█████████▍| 305/323 [35:28<01:45,  5.83s/it]
CE epoch 1/2:  95%|█████████▍| 306/323 [35:33<01:39,  5.85s/it]
CE epoch 1/2:  95%|█████████▌| 307/323 [35:40<01:34,  5.93s/it]
CE epoch 1/2:  95%|█████████▌| 308/323 [35:45<01:28,  5.87s/it]
CE epoch 1/2:  96%|█████████▌| 309/323 [35:51<01:22,  5.86s/it]
CE epoch 1/2:  96%|█████████▌| 310/323 [35:57<01:14,  5.72s/it]
CE epoch 1/2:  96%|█████████▋| 311/323 [36:02<01:08,  5.71s/it]
CE epoch 1/2:  97%|█████████▋| 312/323 [36:08<01:02,  5.69s/it]
CE epoch 1/2:  97%|█████████▋| 313/323 [36:14<00:57,  5.71s/it]
CE epoch 1/2:  97%|█████████▋| 314/323 [36:19<00:51,  5.73s/it]
CE epoch 1/2:  98%|█████████▊| 315/323 [36:25<00:45,  5.67s/it]
CE epoch 1/2:  98%|█████████▊| 316/323 [36:31<00:39,  5.69s/it]
CE epoch 1/2:  98%|█████████▊| 317/323 [36:37<00:34,  5.82s/it]
CE epoch 1/2:  98%|█████████▊| 318/323 [36:43<00:29,  5.85s/it]
CE epoch 1/2:  99%|█████████▉| 319/323 [36:48<00:23,  5.77s/it]
CE epoch 1/2:  99%|█████████▉| 320/323 [36:54<00:17,  5.77s/it]
CE epoch 1/2:  99%|█████████▉| 321/323 [37:00<00:11,  5.84s/it]
CE epoch 1/2: 100%|█████████▉| 322/323 [37:07<00:06,  6.12s/it]
CE epoch 1/2: 100%|██████████| 323/323 [37:09<00:00,  5.04s/it]
CE epoch 1/2: 100%|██████████| 323/323 [37:11<00:00,  6.91s/it]

CE epoch 2/2:   0%|          | 0/323 [00:00<?, ?it/s]
CE epoch 2/2:   0%|          | 1/323 [00:11<1:00:44, 11.32s/it]
CE epoch 2/2:   1%|          | 2/323 [00:18<47:16,  8.84s/it]
CE epoch 2/2:   1%|          | 3/323 [00:24<40:38,  7.62s/it]
CE epoch 2/2:   1%|          | 4/323 [00:31<37:58,  7.14s/it]
CE epoch 2/2:   2%|▏         | 5/323 [00:37<35:56,  6.78s/it]
CE epoch 2/2:   2%|▏         | 6/323 [00:46<39:52,  7.55s/it]
CE epoch 2/2:   2%|▏         | 7/323 [01:06<1:01:50, 11.74s/it]
CE epoch 2/2:   2%|▏         | 8/323 [01:13<52:52, 10.07s/it]
CE epoch 2/2:   3%|▎         | 9/323 [01:19<46:04,  8.81s/it]
CE epoch 2/2:   3%|▎         | 10/323 [01:27<45:43,  8.76s/it]
CE epoch 2/2:   3%|▎         | 11/323 [01:33<41:32,  7.99s/it]
CE epoch 2/2:   4%|▎         | 12/323 [01:40<38:46,  7.48s/it]
CE epoch 2/2:   4%|▍         | 13/323 [01:47<37:47,  7.31s/it]
CE epoch 2/2:   4%|▍         | 14/323 [01:56<41:16,  8.02s/it]
CE epoch 2/2:   5%|▍         | 15/323 [02:03<38:40,  7.53s/it]
CE epoch 2/2:   5%|▍         | 16/323 [02:09<36:50,  7.20s/it]
CE epoch 2/2:   5%|▌         | 17/323 [02:18<39:44,  7.79s/it]
CE epoch 2/2:   6%|▌         | 18/323 [02:25<37:48,  7.44s/it]
CE epoch 2/2:   6%|▌         | 19/323 [02:32<37:44,  7.45s/it]
CE epoch 2/2:   6%|▌         | 20/323 [02:39<35:45,  7.08s/it]
CE epoch 2/2:   7%|▋         | 21/323 [02:47<37:44,  7.50s/it]
CE epoch 2/2:   7%|▋         | 22/323 [02:54<36:03,  7.19s/it]
CE epoch 2/2:   7%|▋         | 23/323 [02:59<33:56,  6.79s/it]
CE epoch 2/2:   7%|▋         | 24/323 [03:06<33:26,  6.71s/it]
CE epoch 2/2:   8%|▊         | 25/323 [03:12<32:22,  6.52s/it]
CE epoch 2/2:   8%|▊         | 26/323 [03:32<52:04, 10.52s/it]
CE epoch 2/2:   8%|▊         | 27/323 [03:38<45:13,  9.17s/it]
CE epoch 2/2:   9%|▊         | 28/323 [03:44<40:31,  8.24s/it]
CE epoch 2/2:   9%|▉         | 29/323 [03:50<37:12,  7.59s/it]
CE epoch 2/2:   9%|▉         | 30/323 [03:56<35:04,  7.18s/it]
CE epoch 2/2:  10%|▉         | 31/323 [04:02<33:15,  6.83s/it]
CE epoch 2/2:  10%|▉         | 32/323 [04:08<31:48,  6.56s/it]
CE epoch 2/2:  10%|█         | 33/323 [04:14<30:38,  6.34s/it]
CE epoch 2/2:  11%|█         | 34/323 [04:20<30:25,  6.32s/it]
CE epoch 2/2:  11%|█         | 35/323 [04:28<32:43,  6.82s/it]
CE epoch 2/2:  11%|█         | 36/323 [04:35<32:34,  6.81s/it]
CE epoch 2/2:  11%|█▏        | 37/323 [04:41<31:20,  6.58s/it]
CE epoch 2/2:  12%|█▏        | 38/323 [04:47<30:21,  6.39s/it]
CE epoch 2/2:  12%|█▏        | 39/323 [05:02<42:49,  9.05s/it]
CE epoch 2/2:  12%|█▏        | 40/323 [05:13<45:11,  9.58s/it]
CE epoch 2/2:  13%|█▎        | 41/323 [05:23<45:47,  9.74s/it]
CE epoch 2/2:  13%|█▎        | 42/323 [05:33<45:33,  9.73s/it]
CE epoch 2/2:  13%|█▎        | 43/323 [05:39<40:13,  8.62s/it]
CE epoch 2/2:  14%|█▎        | 44/323 [05:45<36:33,  7.86s/it]
CE epoch 2/2:  14%|█▍        | 45/323 [05:53<37:07,  8.01s/it]
CE epoch 2/2:  14%|█▍        | 46/323 [06:01<36:28,  7.90s/it]
CE epoch 2/2:  15%|█▍        | 47/323 [06:07<33:55,  7.38s/it]
CE epoch 2/2:  15%|█▍        | 48/323 [06:13<31:56,  6.97s/it]
CE epoch 2/2:  15%|█▌        | 49/323 [06:19<30:18,  6.64s/it]
CE epoch 2/2:  15%|█▌        | 50/323 [06:26<30:12,  6.64s/it]
CE epoch 2/2:  16%|█▌        | 51/323 [06:32<29:26,  6.49s/it]
CE epoch 2/2:  16%|█▌        | 52/323 [06:47<41:00,  9.08s/it]
CE epoch 2/2:  16%|█▋        | 53/323 [06:58<43:26,  9.65s/it]
CE epoch 2/2:  17%|█▋        | 54/323 [07:04<38:29,  8.59s/it]
CE epoch 2/2:  17%|█▋        | 55/323 [07:10<34:44,  7.78s/it]
CE epoch 2/2:  17%|█▋        | 56/323 [07:16<32:48,  7.37s/it]
CE epoch 2/2:  18%|█▊        | 57/323 [07:23<31:26,  7.09s/it]
CE epoch 2/2:  18%|█▊        | 58/323 [07:29<30:17,  6.86s/it]
CE epoch 2/2:  18%|█▊        | 59/323 [07:36<29:44,  6.76s/it]
CE epoch 2/2:  19%|█▊        | 60/323 [07:42<28:19,  6.46s/it]
CE epoch 2/2:  19%|█▉        | 61/323 [07:49<29:07,  6.67s/it]
CE epoch 2/2:  19%|█▉        | 62/323 [07:55<28:42,  6.60s/it]
CE epoch 2/2:  20%|█▉        | 63/323 [08:02<28:43,  6.63s/it]
CE epoch 2/2:  20%|█▉        | 64/323 [08:10<30:12,  7.00s/it]
CE epoch 2/2:  20%|██        | 65/323 [08:30<47:19, 11.01s/it]
CE epoch 2/2:  20%|██        | 66/323 [08:38<43:01, 10.04s/it]
CE epoch 2/2:  21%|██        | 67/323 [08:44<37:55,  8.89s/it]
CE epoch 2/2:  21%|██        | 68/323 [08:51<34:47,  8.19s/it]
CE epoch 2/2:  21%|██▏       | 69/323 [08:57<31:55,  7.54s/it]
CE epoch 2/2:  22%|██▏       | 70/323 [09:03<29:47,  7.07s/it]
CE epoch 2/2:  22%|██▏       | 71/323 [09:09<28:33,  6.80s/it]
CE epoch 2/2:  22%|██▏       | 72/323 [09:16<28:28,  6.81s/it]
CE epoch 2/2:  23%|██▎       | 73/323 [09:23<29:26,  7.06s/it]
CE epoch 2/2:  23%|██▎       | 74/323 [09:31<30:26,  7.33s/it]
CE epoch 2/2:  23%|██▎       | 75/323 [09:38<29:40,  7.18s/it]
CE epoch 2/2:  24%|██▎       | 76/323 [09:45<29:00,  7.05s/it]
CE epoch 2/2:  24%|██▍       | 77/323 [09:55<32:22,  7.90s/it]
CE epoch 2/2:  24%|██▍       | 78/323 [10:02<31:32,  7.73s/it]
CE epoch 2/2:  24%|██▍       | 79/323 [10:08<29:17,  7.20s/it]
CE epoch 2/2:  25%|██▍       | 80/323 [10:15<29:25,  7.26s/it]
CE epoch 2/2:  25%|██▌       | 81/323 [10:22<28:56,  7.18s/it]
CE epoch 2/2:  25%|██▌       | 82/323 [10:29<27:56,  6.96s/it]
CE epoch 2/2:  26%|██▌       | 83/323 [10:36<28:42,  7.18s/it]
CE epoch 2/2:  26%|██▌       | 84/323 [10:43<27:41,  6.95s/it]
CE epoch 2/2:  26%|██▋       | 85/323 [10:49<26:31,  6.69s/it]
CE epoch 2/2:  27%|██▋       | 86/323 [10:57<27:29,  6.96s/it]
CE epoch 2/2:  27%|██▋       | 87/323 [11:04<27:39,  7.03s/it]
CE epoch 2/2:  27%|██▋       | 88/323 [11:10<26:13,  6.70s/it]
CE epoch 2/2:  28%|██▊       | 89/323 [11:17<26:38,  6.83s/it]
CE epoch 2/2:  28%|██▊       | 90/323 [11:32<36:25,  9.38s/it]
CE epoch 2/2:  28%|██▊       | 91/323 [11:38<32:20,  8.36s/it]
CE epoch 2/2:  28%|██▊       | 92/323 [11:44<29:17,  7.61s/it]
CE epoch 2/2:  29%|██▉       | 93/323 [11:57<35:45,  9.33s/it]
CE epoch 2/2:  29%|██▉       | 94/323 [12:03<31:38,  8.29s/it]
CE epoch 2/2:  29%|██▉       | 95/323 [12:09<28:56,  7.62s/it]
CE epoch 2/2:  30%|██▉       | 96/323 [12:15<27:04,  7.15s/it]
CE epoch 2/2:  30%|███       | 97/323 [12:21<25:35,  6.80s/it]
CE epoch 2/2:  30%|███       | 98/323 [12:28<24:47,  6.61s/it]
CE epoch 2/2:  31%|███       | 99/323 [12:34<24:57,  6.68s/it]
CE epoch 2/2:  31%|███       | 100/323 [12:41<24:43,  6.65s/it]
CE epoch 2/2:  31%|███▏      | 101/323 [12:47<24:04,  6.50s/it]
CE epoch 2/2:  32%|███▏      | 102/323 [12:53<23:36,  6.41s/it]
CE epoch 2/2:  32%|███▏      | 103/323 [13:06<30:17,  8.26s/it]
CE epoch 2/2:  32%|███▏      | 104/323 [13:15<31:09,  8.54s/it]
CE epoch 2/2:  33%|███▎      | 105/323 [13:21<28:29,  7.84s/it]
CE epoch 2/2:  33%|███▎      | 106/323 [13:27<26:12,  7.25s/it]
CE epoch 2/2:  33%|███▎      | 107/323 [13:33<24:36,  6.83s/it]
CE epoch 2/2:  33%|███▎      | 108/323 [13:39<23:28,  6.55s/it]
CE epoch 2/2:  34%|███▎      | 109/323 [13:45<22:49,  6.40s/it]
CE epoch 2/2:  34%|███▍      | 110/323 [13:58<29:37,  8.35s/it]
CE epoch 2/2:  34%|███▍      | 111/323 [14:04<27:05,  7.67s/it]
CE epoch 2/2:  35%|███▍      | 112/323 [14:10<25:05,  7.14s/it]
CE epoch 2/2:  35%|███▍      | 113/323 [14:16<23:48,  6.80s/it]
CE epoch 2/2:  35%|███▌      | 114/323 [14:22<22:41,  6.51s/it]
CE epoch 2/2:  36%|███▌      | 115/323 [14:31<25:28,  7.35s/it]
CE epoch 2/2:  36%|███▌      | 116/323 [14:38<24:35,  7.13s/it]
CE epoch 2/2:  36%|███▌      | 117/323 [14:43<22:57,  6.69s/it]
CE epoch 2/2:  37%|███▋      | 118/323 [14:50<23:12,  6.79s/it]
CE epoch 2/2:  37%|███▋      | 119/323 [14:57<22:36,  6.65s/it]
CE epoch 2/2:  37%|███▋      | 120/323 [15:09<28:37,  8.46s/it]
CE epoch 2/2:  37%|███▋      | 121/323 [15:16<26:50,  7.97s/it]
CE epoch 2/2:  38%|███▊      | 122/323 [15:22<24:55,  7.44s/it]
CE epoch 2/2:  38%|███▊      | 123/323 [15:29<24:32,  7.36s/it]
CE epoch 2/2:  38%|███▊      | 124/323 [15:37<24:48,  7.48s/it]
CE epoch 2/2:  39%|███▊      | 125/323 [15:44<23:43,  7.19s/it]
CE epoch 2/2:  39%|███▉      | 126/323 [15:50<23:02,  7.02s/it]
CE epoch 2/2:  39%|███▉      | 127/323 [16:12<37:08, 11.37s/it]
CE epoch 2/2:  40%|███▉      | 128/323 [16:28<41:28, 12.76s/it]
CE epoch 2/2:  40%|███▉      | 129/323 [16:34<35:08, 10.87s/it]
CE epoch 2/2:  40%|████      | 130/323 [16:40<29:57,  9.31s/it]
CE epoch 2/2:  41%|████      | 131/323 [16:46<26:20,  8.23s/it]
CE epoch 2/2:  41%|████      | 132/323 [16:53<24:59,  7.85s/it]
CE epoch 2/2:  41%|████      | 133/323 [17:00<24:44,  7.81s/it]
CE epoch 2/2:  41%|████▏     | 134/323 [17:07<23:01,  7.31s/it]
CE epoch 2/2:  42%|████▏     | 135/323 [17:13<22:01,  7.03s/it]
CE epoch 2/2:  42%|████▏     | 136/323 [17:19<21:03,  6.76s/it]
CE epoch 2/2:  42%|████▏     | 137/323 [17:26<21:02,  6.79s/it]
CE epoch 2/2:  43%|████▎     | 138/323 [17:33<20:49,  6.76s/it]
CE epoch 2/2:  43%|████▎     | 139/323 [17:38<19:54,  6.49s/it]
CE epoch 2/2:  43%|████▎     | 140/323 [17:44<19:19,  6.34s/it]
CE epoch 2/2:  44%|████▎     | 141/323 [17:51<19:13,  6.34s/it]
CE epoch 2/2:  44%|████▍     | 142/323 [17:57<19:24,  6.43s/it]
CE epoch 2/2:  44%|████▍     | 143/323 [18:03<18:50,  6.28s/it]
CE epoch 2/2:  45%|████▍     | 144/323 [18:09<18:18,  6.14s/it]
CE epoch 2/2:  45%|████▍     | 145/323 [18:15<17:59,  6.07s/it]
CE epoch 2/2:  45%|████▌     | 146/323 [18:24<20:03,  6.80s/it]
CE epoch 2/2:  46%|████▌     | 147/323 [18:50<37:09, 12.67s/it]
CE epoch 2/2:  46%|████▌     | 148/323 [19:08<41:57, 14.39s/it]
CE epoch 2/2:  46%|████▌     | 149/323 [19:18<37:34, 12.96s/it]
CE epoch 2/2:  46%|████▋     | 150/323 [19:24<31:30, 10.93s/it]
CE epoch 2/2:  47%|████▋     | 151/323 [19:30<26:55,  9.39s/it]
CE epoch 2/2:  47%|████▋     | 152/323 [19:36<23:56,  8.40s/it]
CE epoch 2/2:  47%|████▋     | 153/323 [19:42<21:52,  7.72s/it]
CE epoch 2/2:  48%|████▊     | 154/323 [19:48<20:21,  7.23s/it]
CE epoch 2/2:  48%|████▊     | 155/323 [19:54<19:12,  6.86s/it]
CE epoch 2/2:  48%|████▊     | 156/323 [20:01<18:39,  6.70s/it]
CE epoch 2/2:  49%|████▊     | 157/323 [20:06<17:51,  6.46s/it]
CE epoch 2/2:  49%|████▉     | 158/323 [20:12<17:20,  6.31s/it]
CE epoch 2/2:  49%|████▉     | 159/323 [20:18<16:49,  6.16s/it]
CE epoch 2/2:  50%|████▉     | 160/323 [20:25<17:31,  6.45s/it]
CE epoch 2/2:  50%|████▉     | 161/323 [20:32<17:27,  6.47s/it]
CE epoch 2/2:  50%|█████     | 162/323 [20:38<16:53,  6.29s/it]
CE epoch 2/2:  50%|█████     | 163/323 [20:44<16:37,  6.23s/it]
CE epoch 2/2:  51%|█████     | 164/323 [20:52<18:18,  6.91s/it]
CE epoch 2/2:  51%|█████     | 165/323 [20:59<17:45,  6.74s/it]
CE epoch 2/2:  51%|█████▏    | 166/323 [21:05<17:11,  6.57s/it]
CE epoch 2/2:  52%|█████▏    | 167/323 [21:11<16:34,  6.37s/it]
CE epoch 2/2:  52%|█████▏    | 168/323 [21:17<16:21,  6.33s/it]
CE epoch 2/2:  52%|█████▏    | 169/323 [21:23<16:22,  6.38s/it]
CE epoch 2/2:  53%|█████▎    | 170/323 [21:29<15:59,  6.27s/it]
CE epoch 2/2:  53%|█████▎    | 171/323 [21:35<15:33,  6.14s/it]
CE epoch 2/2:  53%|█████▎    | 172/323 [21:42<15:31,  6.17s/it]
CE epoch 2/2:  54%|█████▎    | 173/323 [21:50<17:23,  6.95s/it]
CE epoch 2/2:  54%|█████▍    | 174/323 [22:04<22:07,  8.91s/it]
CE epoch 2/2:  54%|█████▍    | 175/323 [22:10<19:56,  8.08s/it]
CE epoch 2/2:  54%|█████▍    | 176/323 [22:17<19:21,  7.90s/it]
CE epoch 2/2:  55%|█████▍    | 177/323 [22:25<18:40,  7.68s/it]
CE epoch 2/2:  55%|█████▌    | 178/323 [22:33<19:16,  7.98s/it]
CE epoch 2/2:  55%|█████▌    | 179/323 [22:40<17:54,  7.46s/it]
CE epoch 2/2:  56%|█████▌    | 180/323 [22:45<16:38,  6.99s/it]
CE epoch 2/2:  56%|█████▌    | 181/323 [22:53<17:05,  7.22s/it]
CE epoch 2/2:  56%|█████▋    | 182/323 [23:04<19:46,  8.42s/it]
CE epoch 2/2:  57%|█████▋    | 183/323 [23:11<18:03,  7.74s/it]
CE epoch 2/2:  57%|█████▋    | 184/323 [23:17<16:54,  7.30s/it]
CE epoch 2/2:  57%|█████▋    | 185/323 [23:23<15:54,  6.92s/it]
CE epoch 2/2:  58%|█████▊    | 186/323 [23:29<15:07,  6.62s/it]
CE epoch 2/2:  58%|█████▊    | 187/323 [23:35<14:36,  6.45s/it]
CE epoch 2/2:  58%|█████▊    | 188/323 [23:41<14:03,  6.25s/it]
CE epoch 2/2:  59%|█████▊    | 189/323 [23:47<14:04,  6.30s/it]
CE epoch 2/2:  59%|█████▉    | 190/323 [23:56<15:29,  6.99s/it]
CE epoch 2/2:  59%|█████▉    | 191/323 [24:02<14:50,  6.74s/it]
CE epoch 2/2:  59%|█████▉    | 192/323 [24:08<14:17,  6.55s/it]
CE epoch 2/2:  60%|█████▉    | 193/323 [24:14<14:01,  6.47s/it]
CE epoch 2/2:  60%|██████    | 194/323 [24:20<13:38,  6.34s/it]
CE epoch 2/2:  60%|██████    | 195/323 [24:27<13:39,  6.40s/it]
CE epoch 2/2:  61%|██████    | 196/323 [24:33<13:27,  6.36s/it]
CE epoch 2/2:  61%|██████    | 197/323 [24:39<13:00,  6.20s/it]
CE epoch 2/2:  61%|██████▏   | 198/323 [24:45<12:43,  6.11s/it]
CE epoch 2/2:  62%|██████▏   | 199/323 [24:51<12:52,  6.23s/it]
CE epoch 2/2:  62%|██████▏   | 200/323 [24:57<12:38,  6.17s/it]
CE epoch 2/2:  62%|██████▏   | 201/323 [25:03<12:24,  6.11s/it]
CE epoch 2/2:  63%|██████▎   | 202/323 [25:10<12:43,  6.31s/it]
CE epoch 2/2:  63%|██████▎   | 203/323 [25:18<13:20,  6.67s/it]
CE epoch 2/2:  63%|██████▎   | 204/323 [25:24<12:53,  6.50s/it]
CE epoch 2/2:  63%|██████▎   | 205/323 [25:33<14:11,  7.21s/it]
CE epoch 2/2:  64%|██████▍   | 206/323 [25:38<13:10,  6.75s/it]
CE epoch 2/2:  64%|██████▍   | 207/323 [25:44<12:44,  6.59s/it]
CE epoch 2/2:  64%|██████▍   | 208/323 [25:52<13:05,  6.83s/it]
CE epoch 2/2:  65%|██████▍   | 209/323 [26:08<18:21,  9.66s/it]
CE epoch 2/2:  65%|██████▌   | 210/323 [26:16<17:00,  9.03s/it]
CE epoch 2/2:  65%|██████▌   | 211/323 [26:23<15:53,  8.51s/it]
CE epoch 2/2:  66%|██████▌   | 212/323 [26:33<16:39,  9.00s/it]
CE epoch 2/2:  66%|██████▌   | 213/323 [26:39<14:58,  8.17s/it]
CE epoch 2/2:  66%|██████▋   | 214/323 [26:45<13:23,  7.37s/it]
CE epoch 2/2:  67%|██████▋   | 215/323 [26:51<12:41,  7.05s/it]
CE epoch 2/2:  67%|██████▋   | 216/323 [27:03<15:00,  8.41s/it]
CE epoch 2/2:  67%|██████▋   | 217/323 [27:09<13:41,  7.75s/it]
CE epoch 2/2:  67%|██████▋   | 218/323 [27:15<12:38,  7.23s/it]
CE epoch 2/2:  68%|██████▊   | 219/323 [27:21<12:11,  7.03s/it]
CE epoch 2/2:  68%|██████▊   | 220/323 [27:33<14:19,  8.35s/it]
CE epoch 2/2:  68%|██████▊   | 221/323 [27:39<13:15,  7.80s/it]
CE epoch 2/2:  69%|██████▊   | 222/323 [27:45<12:06,  7.20s/it]
CE epoch 2/2:  69%|██████▉   | 223/323 [27:52<11:44,  7.04s/it]
CE epoch 2/2:  69%|██████▉   | 224/323 [28:00<12:01,  7.29s/it]
CE epoch 2/2:  70%|██████▉   | 225/323 [28:06<11:23,  6.97s/it]
CE epoch 2/2:  70%|██████▉   | 226/323 [28:13<11:06,  6.87s/it]
CE epoch 2/2:  70%|███████   | 227/323 [28:19<10:46,  6.74s/it]
CE epoch 2/2:  71%|███████   | 228/323 [28:25<10:19,  6.52s/it]
CE epoch 2/2:  71%|███████   | 229/323 [28:36<12:25,  7.93s/it]
CE epoch 2/2:  71%|███████   | 230/323 [28:43<11:32,  7.45s/it]
CE epoch 2/2:  72%|███████▏  | 231/323 [28:50<11:17,  7.37s/it]
CE epoch 2/2:  72%|███████▏  | 232/323 [28:57<11:05,  7.31s/it]
CE epoch 2/2:  72%|███████▏  | 233/323 [29:04<10:40,  7.11s/it]
CE epoch 2/2:  72%|███████▏  | 234/323 [29:11<10:41,  7.21s/it]
CE epoch 2/2:  73%|███████▎  | 235/323 [29:18<10:25,  7.10s/it]
CE epoch 2/2:  73%|███████▎  | 236/323 [29:24<09:51,  6.79s/it]
CE epoch 2/2:  73%|███████▎  | 237/323 [29:31<09:40,  6.76s/it]
CE epoch 2/2:  74%|███████▎  | 238/323 [29:38<09:39,  6.82s/it]
CE epoch 2/2:  74%|███████▍  | 239/323 [29:44<09:25,  6.74s/it]
CE epoch 2/2:  74%|███████▍  | 240/323 [29:50<09:01,  6.52s/it]
CE epoch 2/2:  75%|███████▍  | 241/323 [29:56<08:44,  6.40s/it]
CE epoch 2/2:  75%|███████▍  | 242/323 [30:04<09:07,  6.76s/it]
CE epoch 2/2:  75%|███████▌  | 243/323 [30:10<08:41,  6.52s/it]
CE epoch 2/2:  76%|███████▌  | 244/323 [30:19<09:32,  7.25s/it]
CE epoch 2/2:  76%|███████▌  | 245/323 [30:26<09:17,  7.14s/it]
CE epoch 2/2:  76%|███████▌  | 246/323 [30:34<09:42,  7.56s/it]
CE epoch 2/2:  76%|███████▋  | 247/323 [30:41<09:05,  7.18s/it]
CE epoch 2/2:  77%|███████▋  | 248/323 [30:47<08:41,  6.95s/it]
CE epoch 2/2:  77%|███████▋  | 249/323 [30:55<08:58,  7.27s/it]
CE epoch 2/2:  77%|███████▋  | 250/323 [31:03<09:08,  7.51s/it]
CE epoch 2/2:  78%|███████▊  | 251/323 [31:09<08:30,  7.10s/it]
CE epoch 2/2:  78%|███████▊  | 252/323 [31:16<08:16,  6.99s/it]
CE epoch 2/2:  78%|███████▊  | 253/323 [31:26<09:12,  7.89s/it]
CE epoch 2/2:  79%|███████▊  | 254/323 [31:34<09:04,  7.89s/it]
CE epoch 2/2:  79%|███████▉  | 255/323 [31:41<08:36,  7.59s/it]
CE epoch 2/2:  79%|███████▉  | 256/323 [31:53<10:07,  9.07s/it]
CE epoch 2/2:  80%|███████▉  | 257/323 [32:02<09:52,  8.97s/it]
CE epoch 2/2:  80%|███████▉  | 258/323 [32:09<08:58,  8.28s/it]
CE epoch 2/2:  80%|████████  | 259/323 [32:15<08:10,  7.67s/it]
CE epoch 2/2:  80%|████████  | 260/323 [32:21<07:33,  7.20s/it]
CE epoch 2/2:  81%|████████  | 261/323 [32:27<07:11,  6.95s/it]
CE epoch 2/2:  81%|████████  | 262/323 [32:41<09:03,  8.91s/it]
CE epoch 2/2:  81%|████████▏ | 263/323 [32:51<09:15,  9.26s/it]
CE epoch 2/2:  82%|████████▏ | 264/323 [32:57<08:16,  8.42s/it]
CE epoch 2/2:  82%|████████▏ | 265/323 [33:03<07:26,  7.70s/it]
CE epoch 2/2:  82%|████████▏ | 266/323 [33:09<06:48,  7.17s/it]
CE epoch 2/2:  83%|████████▎ | 267/323 [33:17<06:47,  7.27s/it]
CE epoch 2/2:  83%|████████▎ | 268/323 [33:23<06:21,  6.93s/it]
CE epoch 2/2:  83%|████████▎ | 269/323 [33:29<05:59,  6.66s/it]
CE epoch 2/2:  84%|████████▎ | 270/323 [33:37<06:14,  7.07s/it]
CE epoch 2/2:  84%|████████▍ | 271/323 [33:43<05:47,  6.67s/it]
CE epoch 2/2:  84%|████████▍ | 272/323 [33:51<06:02,  7.11s/it]
CE epoch 2/2:  85%|████████▍ | 273/323 [33:57<05:39,  6.78s/it]
CE epoch 2/2:  85%|████████▍ | 274/323 [34:03<05:17,  6.48s/it]
CE epoch 2/2:  85%|████████▌ | 275/323 [34:13<06:05,  7.62s/it]
CE epoch 2/2:  85%|████████▌ | 276/323 [34:26<07:08,  9.12s/it]
CE epoch 2/2:  86%|████████▌ | 277/323 [34:32<06:19,  8.26s/it]
CE epoch 2/2:  86%|████████▌ | 278/323 [34:37<05:36,  7.47s/it]
CE epoch 2/2:  86%|████████▋ | 279/323 [34:43<05:05,  6.95s/it]
CE epoch 2/2:  87%|████████▋ | 280/323 [34:51<05:07,  7.15s/it]
CE epoch 2/2:  87%|████████▋ | 281/323 [34:59<05:17,  7.55s/it]
CE epoch 2/2:  87%|████████▋ | 282/323 [35:06<04:59,  7.30s/it]
CE epoch 2/2:  88%|████████▊ | 283/323 [35:12<04:41,  7.03s/it]
CE epoch 2/2:  88%|████████▊ | 284/323 [35:19<04:25,  6.81s/it]
CE epoch 2/2:  88%|████████▊ | 285/323 [35:25<04:10,  6.58s/it]
CE epoch 2/2:  89%|████████▊ | 286/323 [35:32<04:10,  6.78s/it]
CE epoch 2/2:  89%|████████▉ | 287/323 [35:38<03:56,  6.57s/it]
CE epoch 2/2:  89%|████████▉ | 288/323 [35:44<03:40,  6.29s/it]
CE epoch 2/2:  89%|████████▉ | 289/323 [35:51<03:40,  6.49s/it]
CE epoch 2/2:  90%|████████▉ | 290/323 [35:57<03:34,  6.51s/it]
CE epoch 2/2:  90%|█████████ | 291/323 [36:04<03:29,  6.54s/it]
CE epoch 2/2:  90%|█████████ | 292/323 [36:10<03:20,  6.46s/it]
CE epoch 2/2:  91%|█████████ | 293/323 [36:16<03:12,  6.41s/it]
CE epoch 2/2:  91%|█████████ | 294/323 [36:23<03:04,  6.36s/it]
CE epoch 2/2:  91%|█████████▏| 295/323 [36:29<02:55,  6.28s/it]
CE epoch 2/2:  92%|█████████▏| 296/323 [36:35<02:53,  6.42s/it]
CE epoch 2/2:  92%|█████████▏| 297/323 [36:42<02:47,  6.43s/it]
CE epoch 2/2:  92%|█████████▏| 298/323 [36:51<03:02,  7.30s/it]
CE epoch 2/2:  93%|█████████▎| 299/323 [36:58<02:50,  7.12s/it]
CE epoch 2/2:  93%|█████████▎| 300/323 [37:04<02:35,  6.77s/it]
CE epoch 2/2:  93%|█████████▎| 301/323 [37:10<02:22,  6.49s/it]
CE epoch 2/2:  93%|█████████▎| 302/323 [37:16<02:14,  6.40s/it]
CE epoch 2/2:  94%|█████████▍| 303/323 [37:22<02:08,  6.41s/it]
CE epoch 2/2:  94%|█████████▍| 304/323 [37:37<02:47,  8.83s/it]
CE epoch 2/2:  94%|█████████▍| 305/323 [37:43<02:25,  8.07s/it]
CE epoch 2/2:  95%|█████████▍| 306/323 [37:54<02:31,  8.92s/it]
CE epoch 2/2:  95%|█████████▌| 307/323 [38:01<02:15,  8.47s/it]
CE epoch 2/2:  95%|█████████▌| 308/323 [38:08<01:57,  7.86s/it]
CE epoch 2/2:  96%|█████████▌| 309/323 [38:14<01:42,  7.33s/it]
CE epoch 2/2:  96%|█████████▌| 310/323 [38:20<01:31,  7.01s/it]
CE epoch 2/2:  96%|█████████▋| 311/323 [38:27<01:23,  6.99s/it]
CE epoch 2/2:  97%|█████████▋| 312/323 [38:34<01:15,  6.86s/it]
CE epoch 2/2:  97%|█████████▋| 313/323 [38:40<01:06,  6.63s/it]
CE epoch 2/2:  97%|█████████▋| 314/323 [38:51<01:12,  8.11s/it]
CE epoch 2/2:  98%|█████████▊| 315/323 [39:03<01:12,  9.11s/it]
CE epoch 2/2:  98%|█████████▊| 316/323 [39:10<00:59,  8.56s/it]
CE epoch 2/2:  98%|█████████▊| 317/323 [39:22<00:56,  9.46s/it]
CE epoch 2/2:  98%|█████████▊| 318/323 [39:28<00:42,  8.51s/it]
CE epoch 2/2:  99%|█████████▉| 319/323 [39:34<00:30,  7.73s/it]
CE epoch 2/2:  99%|█████████▉| 320/323 [39:40<00:21,  7.28s/it]
CE epoch 2/2:  99%|█████████▉| 321/323 [39:46<00:13,  6.97s/it]
CE epoch 2/2: 100%|█████████▉| 322/323 [39:54<00:07,  7.28s/it]
CE epoch 2/2: 100%|██████████| 323/323 [39:59<00:00,  6.39s/it]
CE epoch 2/2: 100%|██████████| 323/323 [40:04<00:00,  7.44s/it]
[17:13:26] ce-train INFO | Training on device: mps
[17:13:26] ce-train INFO | Loaded 1228 train claims
[17:13:30] ce-train INFO | BM25 search over train split took 3.48s
[17:13:30] ce-train INFO | Cached BM25 train top-200 -> /Users/vita/Desktop/Unimelb/Semester1_2026/NLP/COMP90042_2026/cache/bm25_train_top200.json
[17:13:30] ce-train INFO | Built 20610 training pairs (positives=4122, hard_negs=16488)
[17:13:30] ce-train INFO | Loading evidence corpus into memory (~1.2M items, ~1GB) ...
[17:13:31] ce-train INFO | load_evidence took 0.57s
[17:13:31] ce-train INFO | Loaded 1208827 evidences
[17:50:48] cross-enc INFO | epoch 1 mean_loss=0.3356
[18:30:52] cross-enc INFO | epoch 2 mean_loss=0.1835
[18:30:53] cross-enc INFO | Saved cross-encoder ckpt -> /Users/vita/Desktop/Unimelb/Semester1_2026/NLP/COMP90042_2026/checkpoints/cross_encoder.pt
